# JRE version: OpenJDK Runtime Environment (8.0_202-b03) (build 1.8.0_202-release-1483-b03)
# Java VM: OpenJDK 64-Bit Server VM (25.202-b03 mixed mode windows-amd64 compressed oops)
Heap:
 PSYoungGen      total 135168K, used 34577K [0x00000000e0000000, 0x00000000e9680000, 0x0000000100000000)
  eden space 123392K, 18% used [0x00000000e0000000,0x00000000e1648778,0x00000000e7880000)
  from space 11776K, 99% used [0x00000000e8600000,0x00000000e917bd40,0x00000000e9180000)
  to   space 13824K, 0% used [0x00000000e7880000,0x00000000e7880000,0x00000000e8600000)
 ParOldGen       total 92160K, used 18836K [0x00000000a0000000, 0x00000000a5a00000, 0x00000000e0000000)
  object space 92160K, 20% used [0x00000000a0000000,0x00000000a12651e0,0x00000000a5a00000)
 Metaspace       used 44761K, capacity 45646K, committed 46040K, reserved 1089536K
  class space    used 6042K, capacity 6328K, committed 6400K, reserved 1048576K
GC Heap History (10 events):
Event: 13.290 GC heap before
{Heap before GC invocations=8 (full 1):
 PSYoungGen      total 76288K, used 66560K [0x00000000e0000000, 0x00000000e5500000, 0x0000000100000000)
  eden space 66560K, 100% used [0x00000000e0000000,0x00000000e4100000,0x00000000e4100000)
  from space 9728K, 0% used [0x00000000e4b80000,0x00000000e4b80000,0x00000000e5500000)
  to   space 10240K, 0% used [0x00000000e4100000,0x00000000e4100000,0x00000000e4b00000)
 ParOldGen       total 60416K, used 8685K [0x00000000a0000000, 0x00000000a3b00000, 0x00000000e0000000)
  object space 60416K, 14% used [0x00000000a0000000,0x00000000a087b478,0x00000000a3b00000)
 Metaspace       used 28429K, capacity 28780K, committed 29056K, reserved 1075200K
  class space    used 3808K, capacity 3945K, committed 3968K, reserved 1048576K
Event: 13.303 GC heap after
Heap after GC invocations=8 (full 1):
 PSYoungGen      total 76800K, used 7678K [0x00000000e0000000, 0x00000000e7900000, 0x0000000100000000)
  eden space 66560K, 0% used [0x00000000e0000000,0x00000000e0000000,0x00000000e4100000)
  from space 10240K, 74% used [0x00000000e4100000,0x00000000e487fb88,0x00000000e4b00000)
  to   space 10752K, 0% used [0x00000000e6e80000,0x00000000e6e80000,0x00000000e7900000)
 ParOldGen       total 60416K, used 8693K [0x00000000a0000000, 0x00000000a3b00000, 0x00000000e0000000)
  object space 60416K, 14% used [0x00000000a0000000,0x00000000a087d478,0x00000000a3b00000)
 Metaspace       used 28429K, capacity 28780K, committed 29056K, reserved 1075200K
  class space    used 3808K, capacity 3945K, committed 3968K, reserved 1048576K
}
Event: 14.314 GC heap before
{Heap before GC invocations=9 (full 1):
 PSYoungGen      total 76800K, used 74238K [0x00000000e0000000, 0x00000000e7900000, 0x0000000100000000)
  eden space 66560K, 100% used [0x00000000e0000000,0x00000000e4100000,0x00000000e4100000)
  from space 10240K, 74% used [0x00000000e4100000,0x00000000e487fb88,0x00000000e4b00000)
  to   space 10752K, 0% used [0x00000000e6e80000,0x00000000e6e80000,0x00000000e7900000)
 ParOldGen       total 60416K, used 8693K [0x00000000a0000000, 0x00000000a3b00000, 0x00000000e0000000)
  object space 60416K, 14% used [0x00000000a0000000,0x00000000a087d478,0x00000000a3b00000)
 Metaspace       used 31760K, capacity 32176K, committed 32512K, reserved 1077248K
  class space    used 4367K, capacity 4499K, committed 4608K, reserved 1048576K
Event: 14.342 GC heap after
Heap after GC invocations=9 (full 1):
 PSYoungGen      total 108032K, used 8439K [0x00000000e0000000, 0x00000000e7700000, 0x0000000100000000)
  eden space 99328K, 0% used [0x00000000e0000000,0x00000000e0000000,0x00000000e6100000)
  from space 8704K, 96% used [0x00000000e6e80000,0x00000000e76bdf70,0x00000000e7700000)
  to   space 10752K, 0% used [0x00000000e6200000,0x00000000e6200000,0x00000000e6c80000)
 ParOldGen       total 60416K, used 8701K [0x00000000a0000000, 0x00000000a3b00000, 0x00000000e0000000)
  object space 60416K, 14% used [0x00000000a0000000,0x00000000a087f478,0x00000000a3b00000)
 Metaspace       used 31760K, capacity 32176K, committed 32512K, reserved 1077248K
  class space    used 4367K, capacity 4499K, committed 4608K, reserved 1048576K
}
Event: 15.566 GC heap before
{Heap before GC invocations=10 (full 1):
 PSYoungGen      total 108032K, used 63955K [0x00000000e0000000, 0x00000000e7700000, 0x0000000100000000)
  eden space 99328K, 55% used [0x00000000e0000000,0x00000000e3636da8,0x00000000e6100000)
  from space 8704K, 96% used [0x00000000e6e80000,0x00000000e76bdf70,0x00000000e7700000)
  to   space 10752K, 0% used [0x00000000e6200000,0x00000000e6200000,0x00000000e6c80000)
 ParOldGen       total 60416K, used 8701K [0x00000000a0000000, 0x00000000a3b00000, 0x00000000e0000000)
  object space 60416K, 14% used [0x00000000a0000000,0x00000000a087f478,0x00000000a3b00000)
 Metaspace       used 34653K, capacity 35238K, committed 35416K, reserved 1079296K
  class space    used 4781K, capacity 4972K, committed 4992K, reserved 1048576K
Event: 15.584 GC heap after
Heap after GC invocations=10 (full 1):
 PSYoungGen      total 111104K, used 10406K [0x00000000e0000000, 0x00000000e9180000, 0x0000000100000000)
  eden space 100352K, 0% used [0x00000000e0000000,0x00000000e0000000,0x00000000e6200000)
  from space 10752K, 96% used [0x00000000e6200000,0x00000000e6c29b00,0x00000000e6c80000)
  to   space 11776K, 0% used [0x00000000e8600000,0x00000000e8600000,0x00000000e9180000)
 ParOldGen       total 60416K, used 8709K [0x00000000a0000000, 0x00000000a3b00000, 0x00000000e0000000)
  object space 60416K, 14% used [0x00000000a0000000,0x00000000a0881478,0x00000000a3b00000)
 Metaspace       used 34653K, capacity 35238K, committed 35416K, reserved 1079296K
  class space    used 4781K, capacity 4972K, committed 4992K, reserved 1048576K
}
Event: 15.584 GC heap before
{Heap before GC invocations=11 (full 2):
 PSYoungGen      total 111104K, used 10406K [0x00000000e0000000, 0x00000000e9180000, 0x0000000100000000)
  eden space 100352K, 0% used [0x00000000e0000000,0x00000000e0000000,0x00000000e6200000)
  from space 10752K, 96% used [0x00000000e6200000,0x00000000e6c29b00,0x00000000e6c80000)
  to   space 11776K, 0% used [0x00000000e8600000,0x00000000e8600000,0x00000000e9180000)
 ParOldGen       total 60416K, used 8709K [0x00000000a0000000, 0x00000000a3b00000, 0x00000000e0000000)
  object space 60416K, 14% used [0x00000000a0000000,0x00000000a0881478,0x00000000a3b00000)
 Metaspace       used 34653K, capacity 35238K, committed 35416K, reserved 1079296K
  class space    used 4781K, capacity 4972K, committed 4992K, reserved 1048576K
Event: 15.864 GC heap after
Heap after GC invocations=11 (full 2):
 PSYoungGen      total 111104K, used 0K [0x00000000e0000000, 0x00000000e9180000, 0x0000000100000000)
  eden space 100352K, 0% used [0x00000000e0000000,0x00000000e0000000,0x00000000e6200000)
  from space 10752K, 0% used [0x00000000e6200000,0x00000000e6200000,0x00000000e6c80000)
  to   space 11776K, 0% used [0x00000000e8600000,0x00000000e8600000,0x00000000e9180000)
 ParOldGen       total 92160K, used 17010K [0x00000000a0000000, 0x00000000a5a00000, 0x00000000e0000000)
  object space 92160K, 18% used [0x00000000a0000000,0x00000000a109c970,0x00000000a5a00000)
 Metaspace       used 34651K, capacity 35232K, committed 35416K, reserved 1079296K
  class space    used 4780K, capacity 4971K, committed 4992K, reserved 1048576K
}
Event: 17.277 GC heap before
{Heap before GC invocations=12 (full 2):
 PSYoungGen      total 111104K, used 100352K [0x00000000e0000000, 0x00000000e9180000, 0x0000000100000000)
  eden space 100352K, 100% used [0x00000000e0000000,0x00000000e6200000,0x00000000e6200000)
  from space 10752K, 0% used [0x00000000e6200000,0x00000000e6200000,0x00000000e6c80000)
  to   space 11776K, 0% used [0x00000000e8600000,0x00000000e8600000,0x00000000e9180000)
 ParOldGen       total 92160K, used 17010K [0x00000000a0000000, 0x00000000a5a00000, 0x00000000e0000000)
  object space 92160K, 18% used [0x00000000a0000000,0x00000000a109c970,0x00000000a5a00000)
 Metaspace       used 44048K, capacity 44996K, committed 45400K, reserved 1089536K
  class space    used 5928K, capacity 6221K, committed 6272K, reserved 1048576K
Event: 17.293 GC heap after
Heap after GC invocations=12 (full 2):
 PSYoungGen      total 135168K, used 11759K [0x00000000e0000000, 0x00000000e9680000, 0x0000000100000000)
  eden space 123392K, 0% used [0x00000000e0000000,0x00000000e0000000,0x00000000e7880000)
  from space 11776K, 99% used [0x00000000e8600000,0x00000000e917bd40,0x00000000e9180000)
  to   space 13824K, 0% used [0x00000000e7880000,0x00000000e7880000,0x00000000e8600000)
 ParOldGen       total 92160K, used 18836K [0x00000000a0000000, 0x00000000a5a00000, 0x00000000e0000000)
  object space 92160K, 20% used [0x00000000a0000000,0x00000000a12651e0,0x00000000a5a00000)
 Metaspace       used 44048K, capacity 44996K, committed 45400K, reserved 1089536K
  class space    used 5928K, capacity 6221K, committed 6272K, reserved 1048576K
}

