# JRE version: OpenJDK Runtime Environment (8.0_202-b03) (build 1.8.0_202-release-1483-b03)
# Java VM: OpenJDK 64-Bit Server VM (25.202-b03 mixed mode windows-amd64 compressed oops)
Heap:
 PSYoungGen      total 103936K, used 31756K [0x00000000e0000000, 0x00000000e9c80000, 0x0000000100000000)
  eden space 49664K, 63% used [0x00000000e0000000,0x00000000e1f031b0,0x00000000e3080000)
  from space 54272K, 0% used [0x00000000e6780000,0x00000000e6780000,0x00000000e9c80000)
  to   space 55296K, 0% used [0x00000000e3080000,0x00000000e3080000,0x00000000e6680000)
 ParOldGen       total 149504K, used 62604K [0x00000000a0000000, 0x00000000a9200000, 0x00000000e0000000)
  object space 149504K, 41% used [0x00000000a0000000,0x00000000a3d23108,0x00000000a9200000)
 Metaspace       used 79365K, capacity 82056K, committed 83416K, reserved 1122304K
  class space    used 10363K, capacity 10965K, committed 11264K, reserved 1048576K
GC Heap History (10 events):
Event: 6031.621 GC heap before
{Heap before GC invocations=38 (full 3):
 PSYoungGen      total 94208K, used 82420K [0x00000000e0000000, 0x00000000ea300000, 0x0000000100000000)
  eden space 36352K, 100% used [0x00000000e0000000,0x00000000e2380000,0x00000000e2380000)
  from space 57856K, 79% used [0x00000000e6080000,0x00000000e8d7d1b8,0x00000000e9900000)
  to   space 62464K, 0% used [0x00000000e2380000,0x00000000e2380000,0x00000000e6080000)
 ParOldGen       total 95744K, used 69740K [0x00000000a0000000, 0x00000000a5d80000, 0x00000000e0000000)
  object space 95744K, 72% used [0x00000000a0000000,0x00000000a441b010,0x00000000a5d80000)
 Metaspace       used 77453K, capacity 80582K, committed 80728K, reserved 1120256K
  class space    used 10207K, capacity 10875K, committed 10880K, reserved 1048576K
Event: 6031.697 GC heap after
Heap after GC invocations=38 (full 3):
 PSYoungGen      total 98816K, used 32180K [0x00000000e0000000, 0x00000000ea180000, 0x0000000100000000)
  eden space 36352K, 0% used [0x00000000e0000000,0x00000000e0000000,0x00000000e2380000)
  from space 62464K, 51% used [0x00000000e2380000,0x00000000e42ed1b0,0x00000000e6080000)
  to   space 60928K, 0% used [0x00000000e6600000,0x00000000e6600000,0x00000000ea180000)
 ParOldGen       total 95744K, used 73248K [0x00000000a0000000, 0x00000000a5d80000, 0x00000000e0000000)
  object space 95744K, 76% used [0x00000000a0000000,0x00000000a4788050,0x00000000a5d80000)
 Metaspace       used 77453K, capacity 80582K, committed 80728K, reserved 1120256K
  class space    used 10207K, capacity 10875K, committed 10880K, reserved 1048576K
}
Event: 6035.681 GC heap before
{Heap before GC invocations=39 (full 3):
 PSYoungGen      total 98816K, used 68532K [0x00000000e0000000, 0x00000000ea180000, 0x0000000100000000)
  eden space 36352K, 100% used [0x00000000e0000000,0x00000000e2380000,0x00000000e2380000)
  from space 62464K, 51% used [0x00000000e2380000,0x00000000e42ed1b0,0x00000000e6080000)
  to   space 60928K, 0% used [0x00000000e6600000,0x00000000e6600000,0x00000000ea180000)
 ParOldGen       total 95744K, used 73248K [0x00000000a0000000, 0x00000000a5d80000, 0x00000000e0000000)
  object space 95744K, 76% used [0x00000000a0000000,0x00000000a4788050,0x00000000a5d80000)
 Metaspace       used 78576K, capacity 81674K, committed 82008K, reserved 1120256K
  class space    used 10340K, capacity 11041K, committed 11136K, reserved 1048576K
Event: 6035.714 GC heap after
Heap after GC invocations=39 (full 3):
 PSYoungGen      total 97280K, used 25662K [0x00000000e0000000, 0x00000000e9b00000, 0x0000000100000000)
  eden space 43008K, 0% used [0x00000000e0000000,0x00000000e0000000,0x00000000e2a00000)
  from space 54272K, 47% used [0x00000000e6600000,0x00000000e7f0fba0,0x00000000e9b00000)
  to   space 57856K, 0% used [0x00000000e2a00000,0x00000000e2a00000,0x00000000e6280000)
 ParOldGen       total 95744K, used 80663K [0x00000000a0000000, 0x00000000a5d80000, 0x00000000e0000000)
  object space 95744K, 84% used [0x00000000a0000000,0x00000000a4ec5c18,0x00000000a5d80000)
 Metaspace       used 78576K, capacity 81674K, committed 82008K, reserved 1120256K
  class space    used 10340K, capacity 11041K, committed 11136K, reserved 1048576K
}
Event: 6039.474 GC heap before
{Heap before GC invocations=40 (full 3):
 PSYoungGen      total 97280K, used 68670K [0x00000000e0000000, 0x00000000e9b00000, 0x0000000100000000)
  eden space 43008K, 100% used [0x00000000e0000000,0x00000000e2a00000,0x00000000e2a00000)
  from space 54272K, 47% used [0x00000000e6600000,0x00000000e7f0fba0,0x00000000e9b00000)
  to   space 57856K, 0% used [0x00000000e2a00000,0x00000000e2a00000,0x00000000e6280000)
 ParOldGen       total 95744K, used 80663K [0x00000000a0000000, 0x00000000a5d80000, 0x00000000e0000000)
  object space 95744K, 84% used [0x00000000a0000000,0x00000000a4ec5c18,0x00000000a5d80000)
 Metaspace       used 79468K, capacity 82532K, committed 82776K, reserved 1120256K
  class space    used 10425K, capacity 11110K, committed 11136K, reserved 1048576K
Event: 6039.498 GC heap after
Heap after GC invocations=40 (full 3):
 PSYoungGen      total 100864K, used 21163K [0x00000000e0000000, 0x00000000e9e00000, 0x0000000100000000)
  eden space 43008K, 0% used [0x00000000e0000000,0x00000000e0000000,0x00000000e2a00000)
  from space 57856K, 36% used [0x00000000e2a00000,0x00000000e3eaafd8,0x00000000e6280000)
  to   space 55808K, 0% used [0x00000000e6780000,0x00000000e6780000,0x00000000e9e00000)
 ParOldGen       total 95744K, used 84782K [0x00000000a0000000, 0x00000000a5d80000, 0x00000000e0000000)
  object space 95744K, 88% used [0x00000000a0000000,0x00000000a52cbb78,0x00000000a5d80000)
 Metaspace       used 79468K, capacity 82532K, committed 82776K, reserved 1120256K
  class space    used 10425K, capacity 11110K, committed 11136K, reserved 1048576K
}
Event: 6100.316 GC heap before
{Heap before GC invocations=41 (full 3):
 PSYoungGen      total 100864K, used 64171K [0x00000000e0000000, 0x00000000e9e00000, 0x0000000100000000)
  eden space 43008K, 100% used [0x00000000e0000000,0x00000000e2a00000,0x00000000e2a00000)
  from space 57856K, 36% used [0x00000000e2a00000,0x00000000e3eaafd8,0x00000000e6280000)
  to   space 55808K, 0% used [0x00000000e6780000,0x00000000e6780000,0x00000000e9e00000)
 ParOldGen       total 95744K, used 84782K [0x00000000a0000000, 0x00000000a5d80000, 0x00000000e0000000)
  object space 95744K, 88% used [0x00000000a0000000,0x00000000a52cbb78,0x00000000a5d80000)
 Metaspace       used 79929K, capacity 83000K, committed 83160K, reserved 1122304K
  class space    used 10471K, capacity 11178K, committed 11264K, reserved 1048576K
Event: 6100.341 GC heap after
Heap after GC invocations=41 (full 3):
 PSYoungGen      total 103936K, used 13903K [0x00000000e0000000, 0x00000000e9c80000, 0x0000000100000000)
  eden space 49664K, 0% used [0x00000000e0000000,0x00000000e0000000,0x00000000e3080000)
  from space 54272K, 25% used [0x00000000e6780000,0x00000000e7513f68,0x00000000e9c80000)
  to   space 55296K, 0% used [0x00000000e3080000,0x00000000e3080000,0x00000000e6680000)
 ParOldGen       total 99328K, used 99036K [0x00000000a0000000, 0x00000000a6100000, 0x00000000e0000000)
  object space 99328K, 99% used [0x00000000a0000000,0x00000000a60b7130,0x00000000a6100000)
 Metaspace       used 79929K, capacity 83000K, committed 83160K, reserved 1122304K
  class space    used 10471K, capacity 11178K, committed 11264K, reserved 1048576K
}
Event: 6100.341 GC heap before
{Heap before GC invocations=42 (full 4):
 PSYoungGen      total 103936K, used 13903K [0x00000000e0000000, 0x00000000e9c80000, 0x0000000100000000)
  eden space 49664K, 0% used [0x00000000e0000000,0x00000000e0000000,0x00000000e3080000)
  from space 54272K, 25% used [0x00000000e6780000,0x00000000e7513f68,0x00000000e9c80000)
  to   space 55296K, 0% used [0x00000000e3080000,0x00000000e3080000,0x00000000e6680000)
 ParOldGen       total 99328K, used 99036K [0x00000000a0000000, 0x00000000a6100000, 0x00000000e0000000)
  object space 99328K, 99% used [0x00000000a0000000,0x00000000a60b7130,0x00000000a6100000)
 Metaspace       used 79929K, capacity 83000K, committed 83160K, reserved 1122304K
  class space    used 10471K, capacity 11178K, committed 11264K, reserved 1048576K
Event: 6108.176 GC heap after
Heap after GC invocations=42 (full 4):
 PSYoungGen      total 103936K, used 0K [0x00000000e0000000, 0x00000000e9c80000, 0x0000000100000000)
  eden space 49664K, 0% used [0x00000000e0000000,0x00000000e0000000,0x00000000e3080000)
  from space 54272K, 0% used [0x00000000e6780000,0x00000000e6780000,0x00000000e9c80000)
  to   space 55296K, 0% used [0x00000000e3080000,0x00000000e3080000,0x00000000e6680000)
 ParOldGen       total 149504K, used 62604K [0x00000000a0000000, 0x00000000a9200000, 0x00000000e0000000)
  object space 149504K, 41% used [0x00000000a0000000,0x00000000a3d23108,0x00000000a9200000)
 Metaspace       used 79162K, capacity 81690K, committed 83160K, reserved 1122304K
  class space    used 10338K, capacity 10936K, committed 11264K, reserved 1048576K
}

